TN:
SF:js\configManager.js
FN:56,mergeWithDefaults
FN:61,deepMerge
FN:75,validateSettings
FN:100,getDefaultContainerMargin
FN:104,getDefaultNodeSpacing
FNF:5
FNH:5
FNDA:4,mergeWithDefaults
FNDA:15,deepMerge
FNDA:5,validateSettings
FNDA:2,getDefaultContainerMargin
FNDA:2,getDefaultNodeSpacing
DA:1,1
DA:2,1
DA:3,1
DA:4,1
DA:5,1
DA:6,1
DA:7,1
DA:8,1
DA:9,1
DA:10,1
DA:11,1
DA:12,1
DA:13,1
DA:14,1
DA:15,1
DA:16,1
DA:17,1
DA:18,1
DA:19,1
DA:20,1
DA:21,1
DA:22,1
DA:23,1
DA:24,1
DA:25,1
DA:26,1
DA:27,1
DA:28,1
DA:29,1
DA:30,1
DA:31,1
DA:32,1
DA:33,1
DA:34,1
DA:35,1
DA:36,1
DA:37,1
DA:38,1
DA:39,1
DA:40,1
DA:41,1
DA:42,1
DA:43,1
DA:44,1
DA:45,1
DA:46,1
DA:47,1
DA:48,1
DA:49,1
DA:50,1
DA:51,1
DA:52,1
DA:53,1
DA:54,1
DA:55,1
DA:56,1
DA:57,4
DA:58,4
DA:59,4
DA:60,1
DA:61,1
DA:62,15
DA:63,15
DA:64,15
DA:65,13
DA:66,5
DA:67,13
DA:68,8
DA:69,8
DA:70,13
DA:71,15
DA:72,15
DA:73,15
DA:74,1
DA:75,1
DA:76,5
DA:77,5
DA:78,5
DA:79,2
DA:80,2
DA:81,5
DA:82,5
DA:83,3
DA:84,3
DA:85,12
DA:86,2
DA:87,2
DA:88,3
DA:89,3
DA:90,5
DA:91,5
DA:92,3
DA:93,2
DA:94,2
DA:95,3
DA:96,5
DA:97,5
DA:98,5
DA:99,1
DA:100,1
DA:101,2
DA:102,2
DA:103,1
DA:104,1
DA:105,2
DA:106,2
DA:107,1
LF:107
LH:107
BRDA:56,0,0,4
BRDA:57,1,0,1
BRDA:57,2,0,3
BRDA:61,3,0,15
BRDA:64,4,0,13
BRDA:65,5,0,6
BRDA:65,6,0,5
BRDA:66,7,0,1
BRDA:67,8,0,8
BRDA:75,9,0,5
BRDA:78,10,0,3
BRDA:78,11,0,1
BRDA:78,12,0,2
BRDA:82,13,0,3
BRDA:91,14,0,3
BRDA:92,15,0,1
BRDA:92,16,0,2
BRDA:84,17,0,12
BRDA:85,18,0,2
BRDA:100,19,0,2
BRDA:104,20,0,2
BRF:21
BRH:21
end_of_record
TN:
SF:js\geometryManager.js
FN:3,calculateBoundingBox
FN:28,calculateContainerSize
FN:37,adjustPositionForContainer
FN:44,calculateMinimumSize
FN:57,calculateExpandedSize
FN:66,getNodeCenter
FN:73,getNodeBounds
FN:85,isNodeOverlapping
FNF:8
FNH:6
FNDA:7,calculateBoundingBox
FNDA:1,calculateContainerSize
FNDA:1,adjustPositionForContainer
FNDA:3,calculateMinimumSize
FNDA:0,calculateExpandedSize
FNDA:1,getNodeCenter
FNDA:1,getNodeBounds
FNDA:0,isNodeOverlapping
DA:1,1
DA:2,1
DA:3,1
DA:4,7
DA:5,1
DA:6,1
DA:7,6
DA:8,6
DA:9,6
DA:10,6
DA:11,8
DA:12,8
DA:13,8
DA:14,8
DA:15,8
DA:16,8
DA:17,8
DA:18,6
DA:19,6
DA:20,6
DA:21,6
DA:22,6
DA:23,6
DA:24,6
DA:25,6
DA:26,7
DA:27,1
DA:28,1
DA:29,1
DA:30,1
DA:31,1
DA:32,1
DA:33,1
DA:34,1
DA:35,1
DA:36,1
DA:37,1
DA:38,1
DA:39,1
DA:40,1
DA:41,1
DA:42,1
DA:43,1
DA:44,1
DA:45,3
DA:46,1
DA:47,1
DA:48,2
DA:49,2
DA:50,2
DA:51,2
DA:52,2
DA:53,2
DA:54,2
DA:55,3
DA:56,1
DA:57,1
DA:58,0
DA:59,0
DA:60,0
DA:61,0
DA:62,0
DA:63,0
DA:64,0
DA:65,1
DA:66,1
DA:67,1
DA:68,1
DA:69,1
DA:70,1
DA:71,1
DA:72,1
DA:73,1
DA:74,1
DA:75,1
DA:76,1
DA:77,1
DA:78,1
DA:79,1
DA:80,1
DA:81,1
DA:82,1
DA:83,1
DA:84,1
DA:85,1
DA:86,0
DA:87,0
DA:88,0
DA:89,0
DA:90,0
DA:91,0
DA:92,0
DA:93,0
DA:94,1
LF:94
LH:79
BRDA:3,0,0,7
BRDA:4,1,0,1
BRDA:7,2,0,6
BRDA:10,3,0,8
BRDA:28,4,0,1
BRDA:37,5,0,1
BRDA:44,6,0,3
BRDA:45,7,0,1
BRDA:48,8,0,2
BRDA:66,9,0,1
BRDA:73,10,0,1
BRF:11
BRH:11
end_of_record
TN:
SF:js\nodeRegistry.js
FN:4,registerNodeType
FN:8,createNode
FN:33,getRegisteredNodeTypes
FN:37,isNodeTypeRegistered
FNF:4
FNH:4
FNDA:5,registerNodeType
FNDA:3,createNode
FNDA:1,getRegisteredNodeTypes
FNDA:5,isNodeTypeRegistered
DA:1,1
DA:2,1
DA:3,1
DA:4,1
DA:5,5
DA:6,5
DA:7,1
DA:8,1
DA:9,3
DA:10,3
DA:11,3
DA:12,3
DA:13,3
DA:14,1
DA:15,1
DA:16,1
DA:17,1
DA:18,2
DA:19,2
DA:20,2
DA:21,2
DA:22,2
DA:23,2
DA:24,3
DA:25,1
DA:26,1
DA:27,1
DA:28,1
DA:29,1
DA:30,1
DA:31,3
DA:32,1
DA:33,1
DA:34,1
DA:35,1
DA:36,1
DA:37,1
DA:38,5
DA:39,5
LF:39
LH:39
BRDA:4,0,0,5
BRDA:8,1,0,3
BRDA:13,2,0,1
BRDA:18,3,0,2
BRDA:24,4,0,1
BRDA:33,5,0,1
BRDA:37,6,0,5
BRF:7
BRH:7
end_of_record
TN:
SF:js\statusManager.js
FN:5,calculateContainerStatus
FN:25,determineAggregateStatus
FN:69,shouldCollapseOnStatus
FN:87,shouldContainerCollapse
FN:122,getStatusPriority
FN:137,isErrorStatus
FN:141,isProcessStatus
FNF:7
FNH:5
FNDA:0,calculateContainerStatus
FNDA:7,determineAggregateStatus
FNDA:13,shouldCollapseOnStatus
FNDA:6,shouldContainerCollapse
FNDA:0,getStatusPriority
FNDA:4,isErrorStatus
FNDA:5,isProcessStatus
DA:1,1
DA:2,1
DA:3,1
DA:4,1
DA:5,1
DA:6,0
DA:7,0
DA:8,0
DA:9,0
DA:10,0
DA:11,0
DA:12,0
DA:13,0
DA:14,0
DA:15,0
DA:16,0
DA:17,0
DA:18,0
DA:19,0
DA:20,0
DA:21,0
DA:22,0
DA:23,0
DA:24,1
DA:25,1
DA:26,7
DA:27,1
DA:28,1
DA:29,6
DA:30,6
DA:31,6
DA:32,6
DA:33,7
DA:34,1
DA:35,1
DA:36,5
DA:37,5
DA:38,5
DA:39,5
DA:40,6
DA:41,5
DA:42,7
DA:43,1
DA:44,1
DA:45,1
DA:46,4
DA:47,4
DA:48,4
DA:49,4
DA:50,4
DA:51,4
DA:52,4
DA:53,4
DA:54,4
DA:55,4
DA:56,4
DA:57,4
DA:58,4
DA:59,7
DA:60,19
DA:61,4
DA:62,4
DA:63,4
DA:64,19
DA:65,0
DA:66,0
DA:67,7
DA:68,1
DA:69,1
DA:70,13
DA:71,4
DA:72,4
DA:73,9
DA:74,9
DA:75,13
DA:76,1
DA:77,1
DA:78,1
DA:79,1
DA:80,1
DA:81,1
DA:82,1
DA:83,1
DA:84,1
DA:85,1
DA:86,1
DA:87,1
DA:88,6
DA:89,2
DA:90,2
DA:91,4
DA:92,4
DA:93,4
DA:94,4
DA:95,6
DA:96,1
DA:97,1
DA:98,3
DA:99,3
DA:100,3
DA:101,3
DA:102,3
DA:103,6
DA:104,1
DA:105,1
DA:106,1
DA:107,2
DA:108,2
DA:109,2
DA:110,3
DA:111,2
DA:112,2
DA:113,6
DA:114,1
DA:115,1
DA:116,1
DA:117,1
DA:118,2
DA:119,2
DA:120,6
DA:121,1
DA:122,1
DA:123,0
DA:124,0
DA:125,0
DA:126,0
DA:127,0
DA:128,0
DA:129,0
DA:130,0
DA:131,0
DA:132,0
DA:133,0
DA:134,0
DA:135,0
DA:136,1
DA:137,1
DA:138,4
DA:139,4
DA:140,1
DA:141,1
DA:142,5
DA:143,5
DA:144,1
LF:144
LH:111
BRDA:25,0,0,7
BRDA:26,1,0,1
BRDA:29,2,0,6
BRDA:33,3,0,1
BRDA:36,4,0,5
BRDA:42,5,0,1
BRDA:42,6,0,1
BRDA:46,7,0,4
BRDA:59,8,0,19
BRDA:60,9,0,4
BRDA:65,10,0,0
BRDA:31,11,0,15
BRDA:39,12,0,6
BRDA:40,13,0,5
BRDA:69,14,0,13
BRDA:70,15,0,4
BRDA:73,16,0,9
BRDA:87,17,0,6
BRDA:88,18,0,5
BRDA:88,19,0,2
BRDA:91,20,0,4
BRDA:95,21,0,1
BRDA:98,22,0,3
BRDA:103,23,0,1
BRDA:107,24,0,2
BRDA:113,25,0,1
BRDA:118,26,0,2
BRDA:93,27,0,9
BRDA:109,28,0,3
BRDA:110,29,0,2
BRDA:137,30,0,4
BRDA:141,31,0,5
BRF:32
BRH:31
end_of_record
TN:
SF:js\utilPath.js
FN:8,computeConnectionPoints
FN:17,computeLocalConnectionPoints
FN:26,generateEdgePath
FN:166,toPoint
FN:169,generateDirectEdge
FN:173,generateGhostEdge
FN:183,getZoneTransforms
FNF:7
FNH:2
FNDA:4,computeConnectionPoints
FNDA:2,computeLocalConnectionPoints
FNDA:0,generateEdgePath
FNDA:0,toPoint
FNDA:0,generateDirectEdge
FNDA:0,generateGhostEdge
FNDA:0,getZoneTransforms
DA:1,1
DA:2,1
DA:3,1
DA:4,1
DA:5,1
DA:6,1
DA:7,1
DA:8,1
DA:9,4
DA:10,4
DA:11,4
DA:12,4
DA:13,4
DA:14,4
DA:15,4
DA:16,1
DA:17,1
DA:18,2
DA:19,2
DA:20,2
DA:21,2
DA:22,2
DA:23,2
DA:24,2
DA:25,1
DA:26,1
DA:27,0
DA:28,0
DA:29,0
DA:30,0
DA:31,0
DA:32,0
DA:33,0
DA:34,0
DA:35,0
DA:36,0
DA:37,0
DA:38,0
DA:39,0
DA:40,0
DA:41,0
DA:42,0
DA:43,0
DA:44,0
DA:45,0
DA:46,0
DA:47,0
DA:48,0
DA:49,0
DA:50,0
DA:51,0
DA:52,0
DA:53,0
DA:54,0
DA:55,0
DA:56,0
DA:57,0
DA:58,0
DA:59,0
DA:60,0
DA:61,0
DA:62,0
DA:63,0
DA:64,0
DA:65,0
DA:66,0
DA:67,0
DA:68,0
DA:69,0
DA:70,0
DA:71,0
DA:72,0
DA:73,0
DA:74,0
DA:75,0
DA:76,0
DA:77,0
DA:78,0
DA:79,0
DA:80,0
DA:81,0
DA:82,0
DA:83,0
DA:84,0
DA:85,0
DA:86,0
DA:87,0
DA:88,0
DA:89,0
DA:90,0
DA:91,0
DA:92,0
DA:93,0
DA:94,0
DA:95,0
DA:96,0
DA:97,0
DA:98,0
DA:99,0
DA:100,0
DA:101,0
DA:102,0
DA:103,0
DA:104,0
DA:105,0
DA:106,0
DA:107,0
DA:108,0
DA:109,0
DA:110,0
DA:111,0
DA:112,0
DA:113,0
DA:114,0
DA:115,0
DA:116,0
DA:117,0
DA:118,0
DA:119,0
DA:120,0
DA:121,0
DA:122,0
DA:123,0
DA:124,0
DA:125,0
DA:126,0
DA:127,0
DA:128,0
DA:129,0
DA:130,0
DA:131,0
DA:132,0
DA:133,0
DA:134,0
DA:135,0
DA:136,0
DA:137,0
DA:138,0
DA:139,0
DA:140,0
DA:141,0
DA:142,0
DA:143,0
DA:144,0
DA:145,0
DA:146,0
DA:147,0
DA:148,0
DA:149,0
DA:150,0
DA:151,0
DA:152,0
DA:153,0
DA:154,0
DA:155,0
DA:156,0
DA:157,0
DA:158,0
DA:159,0
DA:160,0
DA:161,0
DA:162,0
DA:163,0
DA:164,0
DA:165,1
DA:166,0
DA:167,0
DA:168,0
DA:169,1
DA:170,0
DA:171,0
DA:172,1
DA:173,1
DA:174,0
DA:175,0
DA:176,0
DA:177,0
DA:178,0
DA:179,1
DA:180,1
DA:181,1
DA:182,1
DA:183,1
DA:184,0
DA:185,0
DA:186,0
DA:187,0
DA:188,0
DA:189,0
DA:190,0
DA:191,0
DA:192,0
DA:193,0
DA:194,0
DA:195,0
DA:196,0
DA:197,0
DA:198,0
DA:199,0
DA:200,0
DA:201,0
DA:202,0
DA:203,0
DA:204,0
LF:204
LH:35
BRDA:8,0,0,4
BRDA:17,1,0,2
BRF:2
BRH:2
end_of_record
TN:
SF:js\utils.js
FN:2,getTextWidth
FN:24,computeBoundingBox
FN:30,updateBounds
FN:66,getComputedDimensions
FN:76,getRelativeBBox
FN:88,getBoundingBoxRelativeToParent
FNF:6
FNH:2
FNDA:0,getTextWidth
FNDA:4,computeBoundingBox
FNDA:7,updateBounds
FNDA:0,getComputedDimensions
FNDA:0,getRelativeBBox
FNDA:0,getBoundingBoxRelativeToParent
DA:1,1
DA:2,1
DA:3,0
DA:4,0
DA:5,0
DA:6,0
DA:7,0
DA:8,0
DA:9,0
DA:10,0
DA:11,0
DA:12,0
DA:13,0
DA:14,0
DA:15,0
DA:16,0
DA:17,0
DA:18,0
DA:19,0
DA:20,0
DA:21,0
DA:22,0
DA:23,1
DA:24,1
DA:25,4
DA:26,4
DA:27,4
DA:28,4
DA:29,4
DA:30,4
DA:31,7
DA:32,7
DA:33,7
DA:34,7
DA:35,4
DA:36,4
DA:37,4
DA:38,7
DA:39,7
DA:40,7
DA:41,7
DA:42,7
DA:43,7
DA:44,7
DA:45,7
DA:46,7
DA:47,7
DA:48,0
DA:49,0
DA:50,7
DA:51,7
DA:52,7
DA:53,4
DA:54,4
DA:55,4
DA:56,4
DA:57,4
DA:58,4
DA:59,4
DA:60,4
DA:61,4
DA:62,4
DA:63,4
DA:64,1
DA:65,1
DA:66,1
DA:67,0
DA:68,0
DA:69,0
DA:70,0
DA:71,0
DA:72,0
DA:73,0
DA:74,1
DA:75,1
DA:76,1
DA:77,0
DA:78,0
DA:79,0
DA:80,0
DA:81,0
DA:82,0
DA:83,0
DA:84,0
DA:85,0
DA:86,1
DA:87,1
DA:88,1
DA:89,0
DA:90,0
DA:91,0
DA:92,0
DA:93,0
DA:94,0
DA:95,0
DA:96,0
DA:97,0
DA:98,0
DA:99,0
DA:100,0
DA:101,0
DA:102,0
DA:103,0
DA:104,0
DA:105,0
DA:106,0
DA:107,0
DA:108,0
DA:109,0
DA:110,0
DA:111,0
DA:112,0
DA:113,0
DA:114,0
DA:115,0
DA:116,0
DA:117,0
DA:118,0
DA:119,0
DA:120,0
LF:120
LH:50
BRDA:24,0,0,4
BRDA:30,1,0,7
BRDA:37,2,0,7
BRDA:47,3,0,0
BRF:4
BRH:3
end_of_record
